02:53:35:489  INFO 19828 --- [main] c.h.payservice.PayServiceApplication     : Starting PayServiceApplication using Java 20.0.1 on DESKTOP-TUSU92N with PID 19828 (F:\springcloud\hmall\pay-service\target\classes started by 12064 in F:\springcloud\hmall)
02:53:35:499 DEBUG 19828 --- [main] c.h.payservice.PayServiceApplication     : Running with Spring Boot v2.7.12, Spring v5.3.27
02:53:35:666  INFO 19828 --- [main] c.h.payservice.PayServiceApplication     : The following 1 profile is active: "local"
02:53:44:415  INFO 19828 --- [main] o.s.cloud.context.scope.GenericScope     : BeanFactory id=a0ce2480-ed7a-37fc-889f-52f5899970fd
02:53:47:019  INFO 19828 --- [main] o.s.b.w.embedded.tomcat.TomcatWebServer  : Tomcat initialized with port(s): 8083 (http)
02:53:47:023  INFO 19828 --- [main] o.a.catalina.core.AprLifecycleListener   : Loaded Apache Tomcat Native library [1.2.34] using APR version [1.7.0].
02:53:47:025  INFO 19828 --- [main] o.a.catalina.core.AprLifecycleListener   : APR capabilities: IPv6 [true], sendfile [true], accept filters [false], random [true], UDS [true].
02:53:47:027  INFO 19828 --- [main] o.a.catalina.core.AprLifecycleListener   : APR/OpenSSL configuration: useAprConnector [false], useOpenSSL [true]
02:53:47:060  INFO 19828 --- [main] o.a.catalina.core.AprLifecycleListener   : OpenSSL successfully initialized [OpenSSL 1.1.1o  3 May 2022]
02:53:47:100  INFO 19828 --- [main] o.apache.catalina.core.StandardService   : Starting service [Tomcat]
02:53:47:101  INFO 19828 --- [main] org.apache.catalina.core.StandardEngine  : Starting Servlet engine: [Apache Tomcat/9.0.75]
02:53:47:875  INFO 19828 --- [main] o.a.c.c.C.[Tomcat].[localhost].[/]       : Initializing Spring embedded WebApplicationContext
02:53:47:876  INFO 19828 --- [main] w.s.c.ServletWebServerApplicationContext : Root WebApplicationContext: initialization completed in 11848 ms
02:53:48:786  INFO 19828 --- [main] o.s.c.openfeign.FeignClientFactoryBean   : For 'teade-service' URL not provided. Will try picking an instance via load-balancing.
02:53:50:073  INFO 19828 --- [main] o.s.c.openfeign.FeignClientFactoryBean   : For 'user-service' URL not provided. Will try picking an instance via load-balancing.
02:53:55:069  INFO 19828 --- [main] pertySourcedRequestMappingHandlerMapping : Mapped URL path [/v2/api-docs] onto method [springfox.documentation.swagger2.web.Swagger2ControllerWebMvc#getDocumentation(String, HttpServletRequest)]
02:53:57:003  INFO 19828 --- [main] com.alibaba.nacos.common.remote.client   : [RpcClientFactory] create a new rpc client of d9eb7acd-33f0-411f-8ffd-f7e80b13a247
02:53:57:220  INFO 19828 --- [main] org.reflections.Reflections              : Reflections took 124 ms to scan 1 urls, producing 3 keys and 6 values 
02:53:57:339  INFO 19828 --- [main] org.reflections.Reflections              : Reflections took 59 ms to scan 1 urls, producing 4 keys and 9 values 
02:53:57:457  INFO 19828 --- [main] org.reflections.Reflections              : Reflections took 34 ms to scan 1 urls, producing 3 keys and 10 values 
02:53:57:466  WARN 19828 --- [main] org.reflections.Reflections              : given scan urls are empty. set urls in the configuration
02:53:57:483  INFO 19828 --- [main] org.reflections.Reflections              : Reflections took 15 ms to scan 1 urls, producing 1 keys and 5 values 
02:53:57:524  INFO 19828 --- [main] org.reflections.Reflections              : Reflections took 34 ms to scan 1 urls, producing 1 keys and 7 values 
02:53:57:550  INFO 19828 --- [main] org.reflections.Reflections              : Reflections took 19 ms to scan 1 urls, producing 2 keys and 8 values 
02:53:57:555  WARN 19828 --- [main] org.reflections.Reflections              : given scan urls are empty. set urls in the configuration
02:53:57:557  INFO 19828 --- [main] com.alibaba.nacos.common.remote.client   : [d9eb7acd-33f0-411f-8ffd-f7e80b13a247] RpcClient init label, labels = {module=naming, source=sdk}
02:53:57:562  INFO 19828 --- [main] com.alibaba.nacos.common.remote.client   : [d9eb7acd-33f0-411f-8ffd-f7e80b13a247] RpcClient init, ServerListFactory = com.alibaba.nacos.client.naming.core.ServerListManager
02:53:57:563  INFO 19828 --- [main] com.alibaba.nacos.common.remote.client   : [d9eb7acd-33f0-411f-8ffd-f7e80b13a247] Registry connection listener to current client:com.alibaba.nacos.client.naming.remote.gprc.redo.NamingGrpcRedoService
02:53:57:564  INFO 19828 --- [main] com.alibaba.nacos.common.remote.client   : [d9eb7acd-33f0-411f-8ffd-f7e80b13a247] Register server push request handler:com.alibaba.nacos.client.naming.remote.gprc.NamingPushRequestHandler
02:53:57:570  INFO 19828 --- [main] com.alibaba.nacos.common.remote.client   : [d9eb7acd-33f0-411f-8ffd-f7e80b13a247] Try to connect to server on start up, server: {serverIp = '192.168.37.130', server main port = 8848}
02:54:00:018  INFO 19828 --- [main] com.alibaba.nacos.common.remote.client   : [d9eb7acd-33f0-411f-8ffd-f7e80b13a247] Success to connect to server [192.168.37.130:8848] on start up, connectionId = 1740596039658_192.168.37.1_51085
02:54:00:021  INFO 19828 --- [main] com.alibaba.nacos.common.remote.client   : [d9eb7acd-33f0-411f-8ffd-f7e80b13a247] Register server push request handler:com.alibaba.nacos.common.remote.client.RpcClient$ConnectResetRequestHandler
02:54:00:022  INFO 19828 --- [main] com.alibaba.nacos.common.remote.client   : [d9eb7acd-33f0-411f-8ffd-f7e80b13a247] Register server push request handler:com.alibaba.nacos.common.remote.client.RpcClient$$Lambda$1102/0x000000080184e6b0
02:54:00:021  INFO 19828 --- [com.alibaba.nacos.client.remote.worker] com.alibaba.nacos.common.remote.client   : [d9eb7acd-33f0-411f-8ffd-f7e80b13a247] Notify connected event to listeners.
02:54:00:196  INFO 19828 --- [main] o.s.b.w.embedded.tomcat.TomcatWebServer  : Tomcat started on port(s): 8083 (http) with context path ''
02:54:00:228  INFO 19828 --- [main] c.a.c.n.registry.NacosServiceRegistry    : nacos registry, DEFAULT_GROUP pay-service 192.168.37.1:8083 register finished
02:54:00:437  INFO 19828 --- [main] d.s.w.p.DocumentationPluginsBootstrapper : Documentation plugins bootstrapped
02:54:00:445  INFO 19828 --- [main] d.s.w.p.DocumentationPluginsBootstrapper : Found 1 custom documentation plugin(s)
02:54:00:509  INFO 19828 --- [main] s.d.s.w.s.ApiListingReferenceScanner     : Scanning for api listing references
02:54:00:655  INFO 19828 --- [nacos-grpc-client-executor-6] com.alibaba.nacos.common.remote.client   : [d9eb7acd-33f0-411f-8ffd-f7e80b13a247] Receive server push request, request = NotifySubscriberRequest, requestId = 14
02:54:00:712  INFO 19828 --- [nacos-grpc-client-executor-6] com.alibaba.nacos.common.remote.client   : [d9eb7acd-33f0-411f-8ffd-f7e80b13a247] Ack server push request, request = NotifySubscriberRequest, requestId = 14
02:54:00:836  INFO 19828 --- [main] c.h.payservice.PayServiceApplication     : Started PayServiceApplication in 28.291 seconds (JVM running for 33.402)
03:13:36:351  WARN 19828 --- [Thread-4] c.a.nacos.common.notify.NotifyCenter     : [NotifyCenter] Start destroying Publisher
03:13:36:351  WARN 19828 --- [Thread-7] c.a.n.common.http.HttpClientBeanHolder   : [HttpClientBeanHolder] Start destroying common HttpClient
03:13:36:427  WARN 19828 --- [Thread-4] c.a.nacos.common.notify.NotifyCenter     : [NotifyCenter] Destruction of the end
03:13:36:485  WARN 19828 --- [Thread-7] c.a.n.common.http.HttpClientBeanHolder   : [HttpClientBeanHolder] Destruction of the end
03:13:38:360  INFO 19828 --- [SpringApplicationShutdownHook] c.a.c.n.registry.NacosServiceRegistry    : De-registering from Nacos Server now...
03:13:38:396  INFO 19828 --- [SpringApplicationShutdownHook] c.a.c.n.registry.NacosServiceRegistry    : De-registration finished.
03:13:38:724  INFO 19828 --- [SpringApplicationShutdownHook] com.alibaba.nacos.common.remote.client   : Shutdown rpc client, set status to shutdown
03:13:38:726  INFO 19828 --- [SpringApplicationShutdownHook] com.alibaba.nacos.common.remote.client   : Shutdown client event executor java.util.concurrent.ScheduledThreadPoolExecutor@d0e4972[Running, pool size = 2, active threads = 2, queued tasks = 0, completed tasks = 0]
03:13:38:728  INFO 19828 --- [SpringApplicationShutdownHook] com.alibaba.nacos.common.remote.client   : Close current connection 1740596039658_192.168.37.1_51085
03:13:38:736  INFO 19828 --- [nacos-grpc-client-executor-261] c.a.n.c.remote.client.grpc.GrpcClient    : [1740596039658_192.168.37.1_51085]Ignore complete event,isRunning:false,isAbandon=false
03:13:38:812  INFO 19828 --- [SpringApplicationShutdownHook] c.a.n.c.remote.client.grpc.GrpcClient    : Shutdown grpc executor java.util.concurrent.ThreadPoolExecutor@1e295f7f[Running, pool size = 5, active threads = 0, queued tasks = 0, completed tasks = 262]
