00:07:40:760  INFO 22456 --- [nacos-grpc-client-executor-564] com.alibaba.nacos.common.remote.client   : [a54ee236-bd26-4659-9541-cc553a83c34a] Receive server push request, request = NotifySubscriberRequest, requestId = 423
00:07:41:124  INFO 22456 --- [nacos-grpc-client-executor-564] com.alibaba.nacos.common.remote.client   : [a54ee236-bd26-4659-9541-cc553a83c34a] Ack server push request, request = NotifySubscriberRequest, requestId = 423
00:11:08:744  WARN 22456 --- [boundedElastic-4] o.s.c.l.core.RoundRobinLoadBalancer      : No servers available for service: cart-service
00:11:19:247  WARN 22456 --- [boundedElastic-4] o.s.c.l.core.RoundRobinLoadBalancer      : No servers available for service: cart-service
00:11:22:674  WARN 22456 --- [boundedElastic-4] o.s.c.l.core.RoundRobinLoadBalancer      : No servers available for service: cart-service
00:12:03:943  WARN 22456 --- [boundedElastic-4] o.s.c.l.core.RoundRobinLoadBalancer      : No servers available for service: cart-service
00:12:04:608  WARN 22456 --- [boundedElastic-4] o.s.c.l.core.RoundRobinLoadBalancer      : No servers available for service: cart-service
00:12:10:407  WARN 22456 --- [boundedElastic-4] o.s.c.l.core.RoundRobinLoadBalancer      : No servers available for service: cart-service
00:12:30:145  WARN 22456 --- [boundedElastic-4] o.s.c.l.core.RoundRobinLoadBalancer      : No servers available for service: cart-service
00:12:32:894  WARN 22456 --- [boundedElastic-4] o.s.c.l.core.RoundRobinLoadBalancer      : No servers available for service: cart-service
00:12:37:133  WARN 22456 --- [boundedElastic-4] o.s.c.l.core.RoundRobinLoadBalancer      : No servers available for service: cart-service
00:13:08:989  WARN 22456 --- [boundedElastic-4] o.s.c.l.core.RoundRobinLoadBalancer      : No servers available for service: cart-service
00:13:53:926  WARN 22456 --- [boundedElastic-4] o.s.c.l.core.RoundRobinLoadBalancer      : No servers available for service: cart-service
00:16:13:970  WARN 22456 --- [boundedElastic-5] o.s.c.l.core.RoundRobinLoadBalancer      : No servers available for service: cart-service
00:19:00:541  WARN 22456 --- [boundedElastic-6] o.s.c.l.core.RoundRobinLoadBalancer      : No servers available for service: cart-service
00:20:27:607  WARN 22456 --- [boundedElastic-7] o.s.c.l.core.RoundRobinLoadBalancer      : No servers available for service: cart-service
00:20:36:342  WARN 22456 --- [boundedElastic-7] o.s.c.l.core.RoundRobinLoadBalancer      : No servers available for service: cart-service
00:25:43:687  WARN 22456 --- [boundedElastic-8] o.s.c.l.core.RoundRobinLoadBalancer      : No servers available for service: cart-service
00:44:31:848  INFO 22456 --- [nacos-grpc-client-executor-1174] com.alibaba.nacos.common.remote.client   : [a54ee236-bd26-4659-9541-cc553a83c34a] Receive server push request, request = NotifySubscriberRequest, requestId = 432
00:44:32:027  INFO 22456 --- [nacos-grpc-client-executor-1174] com.alibaba.nacos.common.remote.client   : [a54ee236-bd26-4659-9541-cc553a83c34a] Ack server push request, request = NotifySubscriberRequest, requestId = 432
00:56:08:075  INFO 22456 --- [nacos-grpc-client-executor-1350] com.alibaba.nacos.common.remote.client   : [a54ee236-bd26-4659-9541-cc553a83c34a] Receive server push request, request = NotifySubscriberRequest, requestId = 436
00:56:08:299  INFO 22456 --- [nacos-grpc-client-executor-1350] com.alibaba.nacos.common.remote.client   : [a54ee236-bd26-4659-9541-cc553a83c34a] Ack server push request, request = NotifySubscriberRequest, requestId = 436
00:56:08:346  INFO 22456 --- [nacos-grpc-client-executor-1351] com.alibaba.nacos.common.remote.client   : [a54ee236-bd26-4659-9541-cc553a83c34a] Receive server push request, request = NotifySubscriberRequest, requestId = 439
00:56:08:374  INFO 22456 --- [nacos-grpc-client-executor-1351] com.alibaba.nacos.common.remote.client   : [a54ee236-bd26-4659-9541-cc553a83c34a] Ack server push request, request = NotifySubscriberRequest, requestId = 439
00:56:08:383  INFO 22456 --- [nacos-grpc-client-executor-1352] com.alibaba.nacos.common.remote.client   : [a54ee236-bd26-4659-9541-cc553a83c34a] Receive server push request, request = NotifySubscriberRequest, requestId = 442
00:56:08:420  INFO 22456 --- [nacos-grpc-client-executor-1352] com.alibaba.nacos.common.remote.client   : [a54ee236-bd26-4659-9541-cc553a83c34a] Ack server push request, request = NotifySubscriberRequest, requestId = 442
00:57:09:343  INFO 22456 --- [nacos-grpc-client-executor-1370] com.alibaba.nacos.common.remote.client   : [a54ee236-bd26-4659-9541-cc553a83c34a] Receive server push request, request = NotifySubscriberRequest, requestId = 444
00:57:09:403  INFO 22456 --- [nacos-grpc-client-executor-1370] com.alibaba.nacos.common.remote.client   : [a54ee236-bd26-4659-9541-cc553a83c34a] Ack server push request, request = NotifySubscriberRequest, requestId = 444
00:57:30:300  INFO 22456 --- [nacos-grpc-client-executor-1375] com.alibaba.nacos.common.remote.client   : [a54ee236-bd26-4659-9541-cc553a83c34a] Receive server push request, request = NotifySubscriberRequest, requestId = 447
00:57:30:457  INFO 22456 --- [nacos-grpc-client-executor-1375] com.alibaba.nacos.common.remote.client   : [a54ee236-bd26-4659-9541-cc553a83c34a] Ack server push request, request = NotifySubscriberRequest, requestId = 447
00:57:52:944  INFO 22456 --- [nacos-grpc-client-executor-1380] com.alibaba.nacos.common.remote.client   : [a54ee236-bd26-4659-9541-cc553a83c34a] Receive server push request, request = NotifySubscriberRequest, requestId = 452
00:57:52:972  INFO 22456 --- [nacos-grpc-client-executor-1380] com.alibaba.nacos.common.remote.client   : [a54ee236-bd26-4659-9541-cc553a83c34a] Ack server push request, request = NotifySubscriberRequest, requestId = 452
01:04:20:975  INFO 22456 --- [nacos-grpc-client-executor-1471] com.alibaba.nacos.common.remote.client   : [a54ee236-bd26-4659-9541-cc553a83c34a] Receive server push request, request = NotifySubscriberRequest, requestId = 457
01:04:21:186  INFO 22456 --- [nacos-grpc-client-executor-1471] com.alibaba.nacos.common.remote.client   : [a54ee236-bd26-4659-9541-cc553a83c34a] Ack server push request, request = NotifySubscriberRequest, requestId = 457
01:04:21:277  INFO 22456 --- [nacos-grpc-client-executor-1472] com.alibaba.nacos.common.remote.client   : [a54ee236-bd26-4659-9541-cc553a83c34a] Receive server push request, request = NotifySubscriberRequest, requestId = 460
01:04:21:374  INFO 22456 --- [nacos-grpc-client-executor-1472] com.alibaba.nacos.common.remote.client   : [a54ee236-bd26-4659-9541-cc553a83c34a] Ack server push request, request = NotifySubscriberRequest, requestId = 460
01:04:22:154  INFO 22456 --- [nacos-grpc-client-executor-1473] com.alibaba.nacos.common.remote.client   : [a54ee236-bd26-4659-9541-cc553a83c34a] Receive server push request, request = NotifySubscriberRequest, requestId = 463
01:04:22:186  INFO 22456 --- [nacos-grpc-client-executor-1473] com.alibaba.nacos.common.remote.client   : [a54ee236-bd26-4659-9541-cc553a83c34a] Ack server push request, request = NotifySubscriberRequest, requestId = 463
01:05:06:303  INFO 22456 --- [nacos-grpc-client-executor-1486] com.alibaba.nacos.common.remote.client   : [a54ee236-bd26-4659-9541-cc553a83c34a] Receive server push request, request = NotifySubscriberRequest, requestId = 466
01:05:06:494  INFO 22456 --- [nacos-grpc-client-executor-1486] com.alibaba.nacos.common.remote.client   : [a54ee236-bd26-4659-9541-cc553a83c34a] Ack server push request, request = NotifySubscriberRequest, requestId = 466
01:05:39:231  INFO 22456 --- [nacos-grpc-client-executor-1492] com.alibaba.nacos.common.remote.client   : [a54ee236-bd26-4659-9541-cc553a83c34a] Receive server push request, request = NotifySubscriberRequest, requestId = 468
01:05:39:270  INFO 22456 --- [nacos-grpc-client-executor-1492] com.alibaba.nacos.common.remote.client   : [a54ee236-bd26-4659-9541-cc553a83c34a] Ack server push request, request = NotifySubscriberRequest, requestId = 468
01:05:49:757  INFO 22456 --- [nacos-grpc-client-executor-1495] com.alibaba.nacos.common.remote.client   : [a54ee236-bd26-4659-9541-cc553a83c34a] Receive server push request, request = NotifySubscriberRequest, requestId = 471
01:05:49:863  INFO 22456 --- [nacos-grpc-client-executor-1495] com.alibaba.nacos.common.remote.client   : [a54ee236-bd26-4659-9541-cc553a83c34a] Ack server push request, request = NotifySubscriberRequest, requestId = 471
01:12:32:093  INFO 22456 --- [nacos-grpc-client-executor-1579] com.alibaba.nacos.common.remote.client   : [a54ee236-bd26-4659-9541-cc553a83c34a] Receive server push request, request = NotifySubscriberRequest, requestId = 476
01:12:32:585  INFO 22456 --- [nacos-grpc-client-executor-1579] com.alibaba.nacos.common.remote.client   : [a54ee236-bd26-4659-9541-cc553a83c34a] Ack server push request, request = NotifySubscriberRequest, requestId = 476
01:12:54:889  WARN 22456 --- [boundedElastic-14] o.s.c.l.core.RoundRobinLoadBalancer      : No servers available for service: cart-service
01:13:00:221  WARN 22456 --- [boundedElastic-14] o.s.c.l.core.RoundRobinLoadBalancer      : No servers available for service: cart-service
01:13:04:986  WARN 22456 --- [boundedElastic-14] o.s.c.l.core.RoundRobinLoadBalancer      : No servers available for service: cart-service
01:13:09:317  INFO 22456 --- [nacos-grpc-client-executor-1588] com.alibaba.nacos.common.remote.client   : [a54ee236-bd26-4659-9541-cc553a83c34a] Receive server push request, request = NotifySubscriberRequest, requestId = 480
01:13:09:408  INFO 22456 --- [nacos-grpc-client-executor-1588] com.alibaba.nacos.common.remote.client   : [a54ee236-bd26-4659-9541-cc553a83c34a] Ack server push request, request = NotifySubscriberRequest, requestId = 480
01:19:19:601  INFO 22456 --- [nacos-grpc-client-executor-1666] com.alibaba.nacos.common.remote.client   : [a54ee236-bd26-4659-9541-cc553a83c34a] Receive server push request, request = NotifySubscriberRequest, requestId = 484
01:19:19:958  INFO 22456 --- [nacos-grpc-client-executor-1666] com.alibaba.nacos.common.remote.client   : [a54ee236-bd26-4659-9541-cc553a83c34a] Ack server push request, request = NotifySubscriberRequest, requestId = 484
01:20:07:252  INFO 22456 --- [nacos-grpc-client-executor-1677] com.alibaba.nacos.common.remote.client   : [a54ee236-bd26-4659-9541-cc553a83c34a] Receive server push request, request = NotifySubscriberRequest, requestId = 486
01:20:07:434  INFO 22456 --- [nacos-grpc-client-executor-1677] com.alibaba.nacos.common.remote.client   : [a54ee236-bd26-4659-9541-cc553a83c34a] Ack server push request, request = NotifySubscriberRequest, requestId = 486
01:22:49:794  WARN 22456 --- [Thread-5] c.a.nacos.common.notify.NotifyCenter     : [NotifyCenter] Start destroying Publisher
01:22:49:794  WARN 22456 --- [Thread-1] c.a.n.common.http.HttpClientBeanHolder   : [HttpClientBeanHolder] Start destroying common HttpClient
01:22:49:868  WARN 22456 --- [Thread-5] c.a.nacos.common.notify.NotifyCenter     : [NotifyCenter] Destruction of the end
01:22:49:943  WARN 22456 --- [Thread-1] c.a.n.common.http.HttpClientBeanHolder   : [HttpClientBeanHolder] Destruction of the end
01:22:51:158  INFO 22456 --- [nacos-grpc-client-executor-1714] com.alibaba.nacos.common.remote.client   : [a54ee236-bd26-4659-9541-cc553a83c34a] Receive server push request, request = NotifySubscriberRequest, requestId = 490
01:22:51:260  INFO 22456 --- [nacos-grpc-client-executor-1714] com.alibaba.nacos.common.remote.client   : [a54ee236-bd26-4659-9541-cc553a83c34a] Ack server push request, request = NotifySubscriberRequest, requestId = 490
01:22:51:338  INFO 22456 --- [SpringApplicationShutdownHook] c.a.c.n.registry.NacosServiceRegistry    : De-registering from Nacos Server now...
01:22:51:392  INFO 22456 --- [SpringApplicationShutdownHook] c.a.c.n.registry.NacosServiceRegistry    : De-registration finished.
01:22:51:455  INFO 22456 --- [nacos-grpc-client-executor-1716] com.alibaba.nacos.common.remote.client   : [a54ee236-bd26-4659-9541-cc553a83c34a] Receive server push request, request = NotifySubscriberRequest, requestId = 493
01:22:51:487  INFO 22456 --- [nacos-grpc-client-executor-1716] com.alibaba.nacos.common.remote.client   : [a54ee236-bd26-4659-9541-cc553a83c34a] Ack server push request, request = NotifySubscriberRequest, requestId = 493
01:22:51:749  INFO 22456 --- [SpringApplicationShutdownHook] com.alibaba.nacos.common.remote.client   : Shutdown rpc client, set status to shutdown
01:22:51:751  INFO 22456 --- [SpringApplicationShutdownHook] com.alibaba.nacos.common.remote.client   : Shutdown client event executor java.util.concurrent.ScheduledThreadPoolExecutor@21ce2e4d[Running, pool size = 2, active threads = 2, queued tasks = 0, completed tasks = 0]
01:22:51:753  INFO 22456 --- [SpringApplicationShutdownHook] com.alibaba.nacos.common.remote.client   : Close current connection 1739201370045_192.168.37.1_61706
01:22:51:786  INFO 22456 --- [nacos-grpc-client-executor-1717] c.a.n.c.remote.client.grpc.GrpcClient    : [1739201370045_192.168.37.1_61706]Ignore complete event,isRunning:false,isAbandon=false
01:22:52:028  INFO 22456 --- [SpringApplicationShutdownHook] c.a.n.c.remote.client.grpc.GrpcClient    : Shutdown grpc executor java.util.concurrent.ThreadPoolExecutor@2573b149[Running, pool size = 6, active threads = 0, queued tasks = 0, completed tasks = 1718]
